# JRE version: OpenJDK Runtime Environment (17.0.6) (build 17.0.6+0-b2043.56-10027231)
# Java VM: OpenJDK 64-Bit Server VM (17.0.6+0-b2043.56-10027231, mixed mode, tiered, compressed oops, compressed class ptrs, g1 gc, windows-amd64)
GC Precious Log:
 CPUs: 4 total, 4 available
 Memory: 8013M
 Large Page Support: Disabled
 NUMA Support: Disabled
 Compressed Oops: Enabled (32-bit)
 Heap Region Size: 1M
 Heap Min Capacity: 8M
 Heap Initial Capacity: 126M
 Heap Max Capacity: 2G
 Pre-touch: Disabled
 Parallel Workers: 4
 Concurrent Workers: 1
 Concurrent Refinement Workers: 4
 Periodic GC: Disabled
Heap:
 garbage-first heap   total 411648K, used 323072K [0x0000000080000000, 0x0000000100000000)
  region size 1024K, 34 young (34816K), 10 survivors (10240K)
 Metaspace       used 173472K, committed 175232K, reserved 1204224K
  class space    used 22590K, committed 23360K, reserved 1048576K
GC Heap History (20 events):
Event: 1515.366 GC heap before
{Heap before GC invocations=76 (full 0):
 garbage-first heap   total 361472K, used 234926K [0x0000000080000000, 0x0000000100000000)
  region size 1024K, 17 young (17408K), 11 survivors (11264K)
 Metaspace       used 163498K, committed 164672K, reserved 1196032K
  class space    used 21435K, committed 22016K, reserved 1048576K
}
Event: 1515.397 GC heap after
{Heap after GC invocations=77 (full 0):
 garbage-first heap   total 361472K, used 221013K [0x0000000080000000, 0x0000000100000000)
  region size 1024K, 3 young (3072K), 3 survivors (3072K)
 Metaspace       used 163498K, committed 164672K, reserved 1196032K
  class space    used 21435K, committed 22016K, reserved 1048576K
}
Event: 1517.045 GC heap before
{Heap before GC invocations=77 (full 0):
 garbage-first heap   total 361472K, used 286549K [0x0000000080000000, 0x0000000100000000)
  region size 1024K, 68 young (69632K), 3 survivors (3072K)
 Metaspace       used 163498K, committed 164672K, reserved 1196032K
  class space    used 21435K, committed 22016K, reserved 1048576K
}
Event: 1517.062 GC heap after
{Heap after GC invocations=78 (full 0):
 garbage-first heap   total 361472K, used 226702K [0x0000000080000000, 0x0000000100000000)
  region size 1024K, 9 young (9216K), 9 survivors (9216K)
 Metaspace       used 163498K, committed 164672K, reserved 1196032K
  class space    used 21435K, committed 22016K, reserved 1048576K
}
Event: 1519.450 GC heap before
{Heap before GC invocations=78 (full 0):
 garbage-first heap   total 361472K, used 291214K [0x0000000080000000, 0x0000000100000000)
  region size 1024K, 72 young (73728K), 9 survivors (9216K)
 Metaspace       used 163499K, committed 164672K, reserved 1196032K
  class space    used 21435K, committed 22016K, reserved 1048576K
}
Event: 1519.461 GC heap after
{Heap after GC invocations=79 (full 0):
 garbage-first heap   total 361472K, used 230718K [0x0000000080000000, 0x0000000100000000)
  region size 1024K, 4 young (4096K), 4 survivors (4096K)
 Metaspace       used 163499K, committed 164672K, reserved 1196032K
  class space    used 21435K, committed 22016K, reserved 1048576K
}
Event: 1521.419 GC heap before
{Heap before GC invocations=79 (full 0):
 garbage-first heap   total 361472K, used 296254K [0x0000000080000000, 0x0000000100000000)
  region size 1024K, 68 young (69632K), 4 survivors (4096K)
 Metaspace       used 163499K, committed 164672K, reserved 1196032K
  class space    used 21435K, committed 22016K, reserved 1048576K
}
Event: 1521.427 GC heap after
{Heap after GC invocations=80 (full 0):
 garbage-first heap   total 361472K, used 233180K [0x0000000080000000, 0x0000000100000000)
  region size 1024K, 7 young (7168K), 7 survivors (7168K)
 Metaspace       used 163499K, committed 164672K, reserved 1196032K
  class space    used 21435K, committed 22016K, reserved 1048576K
}
Event: 1524.509 GC heap before
{Heap before GC invocations=81 (full 0):
 garbage-first heap   total 411648K, used 297692K [0x0000000080000000, 0x0000000100000000)
  region size 1024K, 72 young (73728K), 7 survivors (7168K)
 Metaspace       used 163499K, committed 164672K, reserved 1196032K
  class space    used 21435K, committed 22016K, reserved 1048576K
}
Event: 1524.532 GC heap after
{Heap after GC invocations=82 (full 0):
 garbage-first heap   total 411648K, used 234298K [0x0000000080000000, 0x0000000100000000)
  region size 1024K, 7 young (7168K), 7 survivors (7168K)
 Metaspace       used 163499K, committed 164672K, reserved 1196032K
  class space    used 21435K, committed 22016K, reserved 1048576K
}
Event: 1524.821 GC heap before
{Heap before GC invocations=82 (full 0):
 garbage-first heap   total 411648K, used 247610K [0x0000000080000000, 0x0000000100000000)
  region size 1024K, 20 young (20480K), 7 survivors (7168K)
 Metaspace       used 163499K, committed 164672K, reserved 1196032K
  class space    used 21435K, committed 22016K, reserved 1048576K
}
Event: 1524.838 GC heap after
{Heap after GC invocations=83 (full 0):
 garbage-first heap   total 411648K, used 231361K [0x0000000080000000, 0x0000000100000000)
  region size 1024K, 2 young (2048K), 2 survivors (2048K)
 Metaspace       used 163499K, committed 164672K, reserved 1196032K
  class space    used 21435K, committed 22016K, reserved 1048576K
}
Event: 1527.349 GC heap before
{Heap before GC invocations=83 (full 0):
 garbage-first heap   total 411648K, used 345025K [0x0000000080000000, 0x0000000100000000)
  region size 1024K, 97 young (99328K), 2 survivors (2048K)
 Metaspace       used 169558K, committed 170880K, reserved 1204224K
  class space    used 22079K, committed 22720K, reserved 1048576K
}
Event: 1527.370 GC heap after
{Heap after GC invocations=84 (full 0):
 garbage-first heap   total 411648K, used 244736K [0x0000000080000000, 0x0000000100000000)
  region size 1024K, 13 young (13312K), 13 survivors (13312K)
 Metaspace       used 169558K, committed 170880K, reserved 1204224K
  class space    used 22079K, committed 22720K, reserved 1048576K
}
Event: 2192.899 GC heap before
{Heap before GC invocations=84 (full 0):
 garbage-first heap   total 411648K, used 334848K [0x0000000080000000, 0x0000000100000000)
  region size 1024K, 101 young (103424K), 13 survivors (13312K)
 Metaspace       used 173369K, committed 174848K, reserved 1204224K
  class space    used 22636K, committed 23360K, reserved 1048576K
}
Event: 2192.952 GC heap after
{Heap after GC invocations=85 (full 0):
 garbage-first heap   total 411648K, used 251148K [0x0000000080000000, 0x0000000100000000)
  region size 1024K, 7 young (7168K), 7 survivors (7168K)
 Metaspace       used 173369K, committed 174848K, reserved 1204224K
  class space    used 22636K, committed 23360K, reserved 1048576K
}
Event: 2196.103 GC heap before
{Heap before GC invocations=85 (full 0):
 garbage-first heap   total 411648K, used 340236K [0x0000000080000000, 0x0000000100000000)
  region size 1024K, 93 young (95232K), 7 survivors (7168K)
 Metaspace       used 173637K, committed 175104K, reserved 1204224K
  class space    used 22647K, committed 23360K, reserved 1048576K
}
Event: 2196.136 GC heap after
{Heap after GC invocations=86 (full 0):
 garbage-first heap   total 411648K, used 272877K [0x0000000080000000, 0x0000000100000000)
  region size 1024K, 12 young (12288K), 12 survivors (12288K)
 Metaspace       used 173637K, committed 175104K, reserved 1204224K
  class space    used 22647K, committed 23360K, reserved 1048576K
}
Event: 2196.520 GC heap before
{Heap before GC invocations=86 (full 0):
 garbage-first heap   total 411648K, used 336365K [0x0000000080000000, 0x0000000100000000)
  region size 1024K, 61 young (62464K), 12 survivors (12288K)
 Metaspace       used 173672K, committed 175168K, reserved 1204224K
  class space    used 22647K, committed 23360K, reserved 1048576K
}
Event: 2196.559 GC heap after
{Heap after GC invocations=87 (full 0):
 garbage-first heap   total 411648K, used 290304K [0x0000000080000000, 0x0000000100000000)
  region size 1024K, 10 young (10240K), 10 survivors (10240K)
 Metaspace       used 173672K, committed 175168K, reserved 1204224K
  class space    used 22647K, committed 23360K, reserved 1048576K
}

