# JRE version: OpenJDK Runtime Environment (17.0.6) (build 17.0.6+0-b2043.56-10027231)
# Java VM: OpenJDK 64-Bit Server VM (17.0.6+0-b2043.56-10027231, mixed mode, tiered, compressed oops, compressed class ptrs, g1 gc, windows-amd64)
GC Precious Log:
 CPUs: 4 total, 4 available
 Memory: 8013M
 Large Page Support: Disabled
 NUMA Support: Disabled
 Compressed Oops: Enabled (32-bit)
 Heap Region Size: 1M
 Heap Min Capacity: 8M
 Heap Initial Capacity: 126M
 Heap Max Capacity: 2G
 Pre-touch: Disabled
 Parallel Workers: 4
 Concurrent Workers: 1
 Concurrent Refinement Workers: 4
 Periodic GC: Disabled
Heap:
 garbage-first heap   total 373760K, used 265428K [0x0000000080000000, 0x0000000100000000)
  region size 1024K, 109 young (111616K), 11 survivors (11264K)
 Metaspace       used 153399K, committed 154496K, reserved 1187840K
  class space    used 20021K, committed 20544K, reserved 1048576K
GC Heap History (20 events):
Event: 26.631 GC heap before
{Heap before GC invocations=51 (full 0):
 garbage-first heap   total 373760K, used 232542K [0x0000000080000000, 0x0000000100000000)
  region size 1024K, 88 young (90112K), 2 survivors (2048K)
 Metaspace       used 105710K, committed 106432K, reserved 1146880K
  class space    used 14110K, committed 14464K, reserved 1048576K
}
Event: 26.650 GC heap after
{Heap after GC invocations=52 (full 0):
 garbage-first heap   total 373760K, used 129021K [0x0000000080000000, 0x0000000100000000)
  region size 1024K, 11 young (11264K), 11 survivors (11264K)
 Metaspace       used 105710K, committed 106432K, reserved 1146880K
  class space    used 14110K, committed 14464K, reserved 1048576K
}
Event: 28.427 GC heap before
{Heap before GC invocations=52 (full 0):
 garbage-first heap   total 373760K, used 261117K [0x0000000080000000, 0x0000000100000000)
  region size 1024K, 140 young (143360K), 11 survivors (11264K)
 Metaspace       used 109454K, committed 110144K, reserved 1146880K
  class space    used 14419K, committed 14784K, reserved 1048576K
}
Event: 28.446 GC heap after
{Heap after GC invocations=53 (full 0):
 garbage-first heap   total 373760K, used 125548K [0x0000000080000000, 0x0000000100000000)
  region size 1024K, 1 young (1024K), 1 survivors (1024K)
 Metaspace       used 109454K, committed 110144K, reserved 1146880K
  class space    used 14419K, committed 14784K, reserved 1048576K
}
Event: 32.707 GC heap before
{Heap before GC invocations=53 (full 0):
 garbage-first heap   total 373760K, used 277100K [0x0000000080000000, 0x0000000100000000)
  region size 1024K, 150 young (153600K), 1 survivors (1024K)
 Metaspace       used 113850K, committed 114560K, reserved 1155072K
  class space    used 14919K, committed 15296K, reserved 1048576K
}
Event: 32.730 GC heap after
{Heap after GC invocations=54 (full 0):
 garbage-first heap   total 373760K, used 138767K [0x0000000080000000, 0x0000000100000000)
  region size 1024K, 14 young (14336K), 14 survivors (14336K)
 Metaspace       used 113850K, committed 114560K, reserved 1155072K
  class space    used 14919K, committed 15296K, reserved 1048576K
}
Event: 38.678 GC heap before
{Heap before GC invocations=54 (full 0):
 garbage-first heap   total 373760K, used 282127K [0x0000000080000000, 0x0000000100000000)
  region size 1024K, 153 young (156672K), 14 survivors (14336K)
 Metaspace       used 126360K, committed 127232K, reserved 1163264K
  class space    used 16527K, committed 16960K, reserved 1048576K
}
Event: 38.709 GC heap after
{Heap after GC invocations=55 (full 0):
 garbage-first heap   total 373760K, used 150204K [0x0000000080000000, 0x0000000100000000)
  region size 1024K, 12 young (12288K), 12 survivors (12288K)
 Metaspace       used 126360K, committed 127232K, reserved 1163264K
  class space    used 16527K, committed 16960K, reserved 1048576K
}
Event: 41.800 GC heap before
{Heap before GC invocations=55 (full 0):
 garbage-first heap   total 373760K, used 286396K [0x0000000080000000, 0x0000000100000000)
  region size 1024K, 144 young (147456K), 12 survivors (12288K)
 Metaspace       used 142248K, committed 143104K, reserved 1179648K
  class space    used 18819K, committed 19200K, reserved 1048576K
}
Event: 41.830 GC heap after
{Heap after GC invocations=56 (full 0):
 garbage-first heap   total 373760K, used 158720K [0x0000000080000000, 0x0000000100000000)
  region size 1024K, 12 young (12288K), 12 survivors (12288K)
 Metaspace       used 142248K, committed 143104K, reserved 1179648K
  class space    used 18819K, committed 19200K, reserved 1048576K
}
Event: 98.808 GC heap before
{Heap before GC invocations=56 (full 0):
 garbage-first heap   total 373760K, used 301056K [0x0000000080000000, 0x0000000100000000)
  region size 1024K, 139 young (142336K), 12 survivors (12288K)
 Metaspace       used 151150K, committed 152064K, reserved 1187840K
  class space    used 19839K, committed 20288K, reserved 1048576K
}
Event: 98.829 GC heap after
{Heap after GC invocations=57 (full 0):
 garbage-first heap   total 373760K, used 155136K [0x0000000080000000, 0x0000000100000000)
  region size 1024K, 6 young (6144K), 6 survivors (6144K)
 Metaspace       used 151150K, committed 152064K, reserved 1187840K
  class space    used 19839K, committed 20288K, reserved 1048576K
}
Event: 103.559 GC heap before
{Heap before GC invocations=57 (full 0):
 garbage-first heap   total 373760K, used 266752K [0x0000000080000000, 0x0000000100000000)
  region size 1024K, 100 young (102400K), 6 survivors (6144K)
 Metaspace       used 151573K, committed 152512K, reserved 1187840K
  class space    used 19849K, committed 20288K, reserved 1048576K
}
Event: 103.602 GC heap after
{Heap after GC invocations=58 (full 0):
 garbage-first heap   total 373760K, used 187329K [0x0000000080000000, 0x0000000100000000)
  region size 1024K, 18 young (18432K), 18 survivors (18432K)
 Metaspace       used 151573K, committed 152512K, reserved 1187840K
  class space    used 19849K, committed 20288K, reserved 1048576K
}
Event: 106.338 GC heap before
{Heap before GC invocations=59 (full 0):
 garbage-first heap   total 373760K, used 276417K [0x0000000080000000, 0x0000000100000000)
  region size 1024K, 110 young (112640K), 18 survivors (18432K)
 Metaspace       used 151630K, committed 152576K, reserved 1187840K
  class space    used 19849K, committed 20288K, reserved 1048576K
}
Event: 106.380 GC heap after
{Heap after GC invocations=60 (full 0):
 garbage-first heap   total 373760K, used 180736K [0x0000000080000000, 0x0000000100000000)
  region size 1024K, 7 young (7168K), 7 survivors (7168K)
 Metaspace       used 151630K, committed 152576K, reserved 1187840K
  class space    used 19849K, committed 20288K, reserved 1048576K
}
Event: 106.441 GC heap before
{Heap before GC invocations=60 (full 0):
 garbage-first heap   total 373760K, used 190976K [0x0000000080000000, 0x0000000100000000)
  region size 1024K, 18 young (18432K), 7 survivors (7168K)
 Metaspace       used 151631K, committed 152576K, reserved 1187840K
  class space    used 19849K, committed 20288K, reserved 1048576K
}
Event: 106.455 GC heap after
{Heap after GC invocations=61 (full 0):
 garbage-first heap   total 373760K, used 174503K [0x0000000080000000, 0x0000000100000000)
  region size 1024K, 2 young (2048K), 2 survivors (2048K)
 Metaspace       used 151631K, committed 152576K, reserved 1187840K
  class space    used 19849K, committed 20288K, reserved 1048576K
}
Event: 165.179 GC heap before
{Heap before GC invocations=61 (full 0):
 garbage-first heap   total 373760K, used 295335K [0x0000000080000000, 0x0000000100000000)
  region size 1024K, 110 young (112640K), 2 survivors (2048K)
 Metaspace       used 152710K, committed 153664K, reserved 1187840K
  class space    used 19959K, committed 20416K, reserved 1048576K
}
Event: 165.202 GC heap after
{Heap after GC invocations=62 (full 0):
 garbage-first heap   total 373760K, used 183508K [0x0000000080000000, 0x0000000100000000)
  region size 1024K, 11 young (11264K), 11 survivors (11264K)
 Metaspace       used 152710K, committed 153664K, reserved 1187840K
  class space    used 19959K, committed 20416K, reserved 1048576K
}

