# JRE version: OpenJDK Runtime Environment (17.0.6) (build 17.0.6+0-b2043.56-10027231)
# Java VM: OpenJDK 64-Bit Server VM (17.0.6+0-b2043.56-10027231, mixed mode, tiered, compressed oops, compressed class ptrs, g1 gc, windows-amd64)
GC Precious Log:
 CPUs: 4 total, 4 available
 Memory: 8013M
 Large Page Support: Disabled
 NUMA Support: Disabled
 Compressed Oops: Enabled (32-bit)
 Heap Region Size: 1M
 Heap Min Capacity: 8M
 Heap Initial Capacity: 126M
 Heap Max Capacity: 2G
 Pre-touch: Disabled
 Parallel Workers: 4
 Concurrent Workers: 1
 Concurrent Refinement Workers: 4
 Periodic GC: Disabled
Heap:
 garbage-first heap   total 419840K, used 334591K [0x0000000080000000, 0x0000000100000000)
  region size 1024K, 32 young (32768K), 3 survivors (3072K)
 Metaspace       used 144461K, committed 145792K, reserved 1179648K
  class space    used 18466K, committed 19136K, reserved 1048576K
GC Heap History (20 events):
Event: 7940.079 GC heap before
{Heap before GC invocations=56 (full 0):
 garbage-first heap   total 419840K, used 349730K [0x0000000080000000, 0x0000000100000000)
  region size 1024K, 104 young (106496K), 1 survivors (1024K)
 Metaspace       used 127981K, committed 129216K, reserved 1163264K
  class space    used 16595K, committed 17216K, reserved 1048576K
}
Event: 7940.107 GC heap after
{Heap after GC invocations=57 (full 0):
 garbage-first heap   total 419840K, used 251311K [0x0000000080000000, 0x0000000100000000)
  region size 1024K, 8 young (8192K), 8 survivors (8192K)
 Metaspace       used 127981K, committed 129216K, reserved 1163264K
  class space    used 16595K, committed 17216K, reserved 1048576K
}
Event: 7944.024 GC heap before
{Heap before GC invocations=57 (full 0):
 garbage-first heap   total 419840K, used 350639K [0x0000000080000000, 0x0000000100000000)
  region size 1024K, 106 young (108544K), 8 survivors (8192K)
 Metaspace       used 130530K, committed 131776K, reserved 1163264K
  class space    used 16985K, committed 17600K, reserved 1048576K
}
Event: 7944.087 GC heap after
{Heap after GC invocations=58 (full 0):
 garbage-first heap   total 419840K, used 262159K [0x0000000080000000, 0x0000000100000000)
  region size 1024K, 14 young (14336K), 14 survivors (14336K)
 Metaspace       used 130530K, committed 131776K, reserved 1163264K
  class space    used 16985K, committed 17600K, reserved 1048576K
}
Event: 7948.776 GC heap before
{Heap before GC invocations=58 (full 0):
 garbage-first heap   total 419840K, used 367631K [0x0000000080000000, 0x0000000100000000)
  region size 1024K, 101 young (103424K), 14 survivors (14336K)
 Metaspace       used 133640K, committed 134912K, reserved 1171456K
  class space    used 17307K, committed 17920K, reserved 1048576K
}
Event: 7948.903 GC heap after
{Heap after GC invocations=59 (full 0):
 garbage-first heap   total 419840K, used 289597K [0x0000000080000000, 0x0000000100000000)
  region size 1024K, 13 young (13312K), 13 survivors (13312K)
 Metaspace       used 133640K, committed 134912K, reserved 1171456K
  class space    used 17307K, committed 17920K, reserved 1048576K
}
Event: 7951.242 GC heap before
{Heap before GC invocations=59 (full 0):
 garbage-first heap   total 419840K, used 363325K [0x0000000080000000, 0x0000000100000000)
  region size 1024K, 69 young (70656K), 13 survivors (13312K)
 Metaspace       used 136110K, committed 137408K, reserved 1171456K
  class space    used 17631K, committed 18304K, reserved 1048576K
}
Event: 7951.277 GC heap after
{Heap after GC invocations=60 (full 0):
 garbage-first heap   total 419840K, used 296853K [0x0000000080000000, 0x0000000100000000)
  region size 1024K, 6 young (6144K), 6 survivors (6144K)
 Metaspace       used 136110K, committed 137408K, reserved 1171456K
  class space    used 17631K, committed 18304K, reserved 1048576K
}
Event: 7952.816 GC heap before
{Heap before GC invocations=60 (full 0):
 garbage-first heap   total 419840K, used 350101K [0x0000000080000000, 0x0000000100000000)
  region size 1024K, 59 young (60416K), 6 survivors (6144K)
 Metaspace       used 139204K, committed 140416K, reserved 1171456K
  class space    used 17885K, committed 18496K, reserved 1048576K
}
Event: 7952.831 GC heap after
{Heap after GC invocations=61 (full 0):
 garbage-first heap   total 419840K, used 302313K [0x0000000080000000, 0x0000000100000000)
  region size 1024K, 6 young (6144K), 6 survivors (6144K)
 Metaspace       used 139204K, committed 140416K, reserved 1171456K
  class space    used 17885K, committed 18496K, reserved 1048576K
}
Event: 7953.562 GC heap before
{Heap before GC invocations=61 (full 0):
 garbage-first heap   total 419840K, used 354537K [0x0000000080000000, 0x0000000100000000)
  region size 1024K, 57 young (58368K), 6 survivors (6144K)
 Metaspace       used 140214K, committed 141504K, reserved 1179648K
  class space    used 17966K, committed 18624K, reserved 1048576K
}
Event: 7953.567 GC heap after
{Heap after GC invocations=62 (full 0):
 garbage-first heap   total 419840K, used 300098K [0x0000000080000000, 0x0000000100000000)
  region size 1024K, 2 young (2048K), 2 survivors (2048K)
 Metaspace       used 140214K, committed 141504K, reserved 1179648K
  class space    used 17966K, committed 18624K, reserved 1048576K
}
Event: 7955.523 GC heap before
{Heap before GC invocations=62 (full 0):
 garbage-first heap   total 419840K, used 358466K [0x0000000080000000, 0x0000000100000000)
  region size 1024K, 58 young (59392K), 2 survivors (2048K)
 Metaspace       used 141452K, committed 142784K, reserved 1179648K
  class space    used 18089K, committed 18752K, reserved 1048576K
}
Event: 7955.532 GC heap after
{Heap after GC invocations=63 (full 0):
 garbage-first heap   total 419840K, used 300130K [0x0000000080000000, 0x0000000100000000)
  region size 1024K, 2 young (2048K), 2 survivors (2048K)
 Metaspace       used 141452K, committed 142784K, reserved 1179648K
  class space    used 18089K, committed 18752K, reserved 1048576K
}
Event: 7957.989 GC heap before
{Heap before GC invocations=63 (full 0):
 garbage-first heap   total 419840K, used 358498K [0x0000000080000000, 0x0000000100000000)
  region size 1024K, 60 young (61440K), 2 survivors (2048K)
 Metaspace       used 143596K, committed 144960K, reserved 1179648K
  class space    used 18347K, committed 19008K, reserved 1048576K
}
Event: 7958.002 GC heap after
{Heap after GC invocations=64 (full 0):
 garbage-first heap   total 419840K, used 304209K [0x0000000080000000, 0x0000000100000000)
  region size 1024K, 6 young (6144K), 6 survivors (6144K)
 Metaspace       used 143596K, committed 144960K, reserved 1179648K
  class space    used 18347K, committed 19008K, reserved 1048576K
}
Event: 7959.428 GC heap before
{Heap before GC invocations=64 (full 0):
 garbage-first heap   total 419840K, used 360529K [0x0000000080000000, 0x0000000100000000)
  region size 1024K, 62 young (63488K), 6 survivors (6144K)
 Metaspace       used 144396K, committed 145728K, reserved 1179648K
  class space    used 18458K, committed 19136K, reserved 1048576K
}
Event: 7959.440 GC heap after
{Heap after GC invocations=65 (full 0):
 garbage-first heap   total 419840K, used 307144K [0x0000000080000000, 0x0000000100000000)
  region size 1024K, 3 young (3072K), 3 survivors (3072K)
 Metaspace       used 144396K, committed 145728K, reserved 1179648K
  class space    used 18458K, committed 19136K, reserved 1048576K
}
Event: 7959.858 GC heap before
{Heap before GC invocations=65 (full 0):
 garbage-first heap   total 419840K, used 361416K [0x0000000080000000, 0x0000000100000000)
  region size 1024K, 57 young (58368K), 3 survivors (3072K)
 Metaspace       used 144453K, committed 145792K, reserved 1179648K
  class space    used 18465K, committed 19136K, reserved 1048576K
}
Event: 7959.863 GC heap after
{Heap after GC invocations=66 (full 0):
 garbage-first heap   total 419840K, used 306943K [0x0000000080000000, 0x0000000100000000)
  region size 1024K, 3 young (3072K), 3 survivors (3072K)
 Metaspace       used 144453K, committed 145792K, reserved 1179648K
  class space    used 18465K, committed 19136K, reserved 1048576K
}

